2019-09-23 14:42:39.103  INFO 21250 --- [main] i.meitrack.api.MeitrackApplication       : Starting MeitrackApplication on hendra with PID 21250 (/var/www/service-api/meitrack-api/target/classes started by hendra in /var/www/service-api/meitrack-api)
2019-09-23 14:42:39.259  INFO 21250 --- [main] i.meitrack.api.MeitrackApplication       : No active profile set, falling back to default profiles: default
2019-09-23 14:42:45.750  INFO 21250 --- [main] .s.d.r.c.RepositoryConfigurationDelegate : Bootstrapping Spring Data repositories in DEFAULT mode.
2019-09-23 14:42:46.596  INFO 21250 --- [main] .s.d.r.c.RepositoryConfigurationDelegate : Finished Spring Data repository scanning in 810ms. Found 13 repository interfaces.
2019-09-23 14:42:50.288  INFO 21250 --- [main] trationDelegate$BeanPostProcessorChecker : Bean 'org.springframework.transaction.annotation.ProxyTransactionManagementConfiguration' of type [org.springframework.transaction.annotation.ProxyTransactionManagementConfiguration$$EnhancerBySpringCGLIB$$146dc30d] is not eligible for getting processed by all BeanPostProcessors (for example: not eligible for auto-proxying)
2019-09-23 14:42:50.694  INFO 21250 --- [main] trationDelegate$BeanPostProcessorChecker : Bean 'org.springframework.security.config.annotation.configuration.ObjectPostProcessorConfiguration' of type [org.springframework.security.config.annotation.configuration.ObjectPostProcessorConfiguration$$EnhancerBySpringCGLIB$$ad1b8b47] is not eligible for getting processed by all BeanPostProcessors (for example: not eligible for auto-proxying)
2019-09-23 14:42:50.709  INFO 21250 --- [main] trationDelegate$BeanPostProcessorChecker : Bean 'objectPostProcessor' of type [org.springframework.security.config.annotation.configuration.AutowireBeanFactoryObjectPostProcessor] is not eligible for getting processed by all BeanPostProcessors (for example: not eligible for auto-proxying)
2019-09-23 14:42:50.712  INFO 21250 --- [main] trationDelegate$BeanPostProcessorChecker : Bean 'org.springframework.security.access.expression.method.DefaultMethodSecurityExpressionHandler@4d1efa58' of type [org.springframework.security.access.expression.method.DefaultMethodSecurityExpressionHandler] is not eligible for getting processed by all BeanPostProcessors (for example: not eligible for auto-proxying)
2019-09-23 14:42:50.719  INFO 21250 --- [main] trationDelegate$BeanPostProcessorChecker : Bean 'org.springframework.security.config.annotation.method.configuration.GlobalMethodSecurityConfiguration' of type [org.springframework.security.config.annotation.method.configuration.GlobalMethodSecurityConfiguration$$EnhancerBySpringCGLIB$$d1f02df9] is not eligible for getting processed by all BeanPostProcessors (for example: not eligible for auto-proxying)
2019-09-23 14:42:50.768  INFO 21250 --- [main] trationDelegate$BeanPostProcessorChecker : Bean 'org.springframework.security.config.annotation.method.configuration.Jsr250MetadataSourceConfiguration' of type [org.springframework.security.config.annotation.method.configuration.Jsr250MetadataSourceConfiguration$$EnhancerBySpringCGLIB$$f745460f] is not eligible for getting processed by all BeanPostProcessors (for example: not eligible for auto-proxying)
2019-09-23 14:42:50.774  INFO 21250 --- [main] trationDelegate$BeanPostProcessorChecker : Bean 'jsr250MethodSecurityMetadataSource' of type [org.springframework.security.access.annotation.Jsr250MethodSecurityMetadataSource] is not eligible for getting processed by all BeanPostProcessors (for example: not eligible for auto-proxying)
2019-09-23 14:42:50.776  INFO 21250 --- [main] trationDelegate$BeanPostProcessorChecker : Bean 'methodSecurityMetadataSource' of type [org.springframework.security.access.method.DelegatingMethodSecurityMetadataSource] is not eligible for getting processed by all BeanPostProcessors (for example: not eligible for auto-proxying)
2019-09-23 14:42:55.802  INFO 21250 --- [main] o.s.b.w.embedded.tomcat.TomcatWebServer  : Tomcat initialized with port(s): 7003 (http)
2019-09-23 14:42:56.191  INFO 21250 --- [main] o.apache.catalina.core.StandardService   : Starting service [Tomcat]
2019-09-23 14:42:56.192  INFO 21250 --- [main] org.apache.catalina.core.StandardEngine  : Starting Servlet engine: [Apache Tomcat/9.0.17]
2019-09-23 14:42:57.739  INFO 21250 --- [main] o.a.c.c.C.[Tomcat].[localhost].[/]       : Initializing Spring embedded WebApplicationContext
2019-09-23 14:42:57.740  INFO 21250 --- [main] o.s.web.context.ContextLoader            : Root WebApplicationContext: initialization completed in 18194 ms
2019-09-23 14:43:08.024  INFO 21250 --- [main] o.hibernate.jpa.internal.util.LogHelper  : HHH000204: Processing PersistenceUnitInfo [
	name: default
	...]
2019-09-23 14:43:11.474  INFO 21250 --- [main] org.hibernate.Version                    : HHH000412: Hibernate Core {5.3.9.Final}
2019-09-23 14:43:11.669  INFO 21250 --- [main] org.hibernate.cfg.Environment            : HHH000206: hibernate.properties not found
2019-09-23 14:43:15.969  INFO 21250 --- [main] o.hibernate.annotations.common.Version   : HCANN000001: Hibernate Commons Annotations {5.0.4.Final}
2019-09-23 14:43:17.265  INFO 21250 --- [main] org.hibernate.dialect.Dialect            : HHH000400: Using dialect: org.hibernate.dialect.PostgreSQL9Dialect
2019-09-23 14:43:17.447  INFO 21250 --- [main] o.h.e.j.e.i.LobCreatorBuilderImpl        : HHH000422: Disabling contextual LOB creation as connection was null
2019-09-23 14:43:17.458  INFO 21250 --- [main] org.hibernate.type.BasicTypeRegistry     : HHH000270: Type registration [java.util.UUID] overrides previous : org.hibernate.type.UUIDBinaryType@3e4aa7a8
2019-09-23 14:43:21.913  INFO 21250 --- [main] j.LocalContainerEntityManagerFactoryBean : Initialized JPA EntityManagerFactory for persistence unit 'default'
2019-09-23 14:43:31.048  WARN 21250 --- [main] ion$DefaultTemplateResolverConfiguration : Cannot find template location: classpath:/templates/ (please add some templates or check your Thymeleaf configuration)
2019-09-23 14:43:34.816  WARN 21250 --- [main] aWebConfiguration$JpaWebMvcConfiguration : spring.jpa.open-in-view is enabled by default. Therefore, database queries may be performed during view rendering. Explicitly configure spring.jpa.open-in-view to disable this warning
2019-09-23 14:43:41.739  INFO 21250 --- [main] o.s.s.web.DefaultSecurityFilterChain     : Creating filter chain: Ant [pattern='auth/signup', POST], []
2019-09-23 14:43:41.739  INFO 21250 --- [main] o.s.s.web.DefaultSecurityFilterChain     : Creating filter chain: Ant [pattern='swaggers*', POST], []
2019-09-23 14:43:41.740  INFO 21250 --- [main] o.s.s.web.DefaultSecurityFilterChain     : Creating filter chain: Ant [pattern='/', GET], []
2019-09-23 14:43:41.740  INFO 21250 --- [main] o.s.s.web.DefaultSecurityFilterChain     : Creating filter chain: Ant [pattern='/*.html', GET], []
2019-09-23 14:43:41.740  INFO 21250 --- [main] o.s.s.web.DefaultSecurityFilterChain     : Creating filter chain: Ant [pattern='/favicon.ico', GET], []
2019-09-23 14:43:41.740  INFO 21250 --- [main] o.s.s.web.DefaultSecurityFilterChain     : Creating filter chain: Ant [pattern='/**/*.html', GET], []
2019-09-23 14:43:41.741  INFO 21250 --- [main] o.s.s.web.DefaultSecurityFilterChain     : Creating filter chain: Ant [pattern='/**/*.css', GET], []
2019-09-23 14:43:41.741  INFO 21250 --- [main] o.s.s.web.DefaultSecurityFilterChain     : Creating filter chain: Ant [pattern='/**/*.js', GET], []
2019-09-23 14:43:41.741  INFO 21250 --- [main] o.s.s.web.DefaultSecurityFilterChain     : Creating filter chain: Ant [pattern='/h2-console/**/**'], []
2019-09-23 14:43:42.423  INFO 21250 --- [main] pertySourcedRequestMappingHandlerMapping : Mapped URL path [/v2/api-docs] onto method [public org.springframework.http.ResponseEntity<springfox.documentation.spring.web.json.Json> springfox.documentation.swagger2.web.Swagger2Controller.getDocumentation(java.lang.String,javax.servlet.http.HttpServletRequest)]
2019-09-23 14:43:42.737  INFO 21250 --- [main] o.s.s.web.DefaultSecurityFilterChain     : Creating filter chain: any request, [org.springframework.security.web.context.request.async.WebAsyncManagerIntegrationFilter@4e621643, org.springframework.security.web.context.SecurityContextPersistenceFilter@24042bec, org.springframework.security.web.header.HeaderWriterFilter@6454e760, org.springframework.web.filter.CorsFilter@5be5dcd1, org.springframework.security.web.authentication.logout.LogoutFilter@3e1a921d, imaniprima.meitrack.api.security.JwtAuthenticationFilter@5c4ecb62, org.springframework.security.web.savedrequest.RequestCacheAwareFilter@6a0134e0, org.springframework.security.web.servletapi.SecurityContextHolderAwareRequestFilter@7adf227c, org.springframework.security.web.authentication.AnonymousAuthenticationFilter@31cd4a2, org.springframework.security.web.session.SessionManagementFilter@68b9b1aa, org.springframework.security.web.access.ExceptionTranslationFilter@30fdecd5, org.springframework.security.web.access.intercept.FilterSecurityInterceptor@391311c4]
2019-09-23 14:43:44.728  INFO 21250 --- [main] o.s.s.concurrent.ThreadPoolTaskExecutor  : Initializing ExecutorService 'applicationTaskExecutor'
2019-09-23 14:43:48.033  INFO 21250 --- [main] d.s.w.p.DocumentationPluginsBootstrapper : Context refreshed
2019-09-23 14:43:48.334  INFO 21250 --- [main] d.s.w.p.DocumentationPluginsBootstrapper : Found 1 custom documentation plugin(s)
2019-09-23 14:43:48.628  INFO 21250 --- [main] s.d.s.w.s.ApiListingReferenceScanner     : Scanning for api listing references
2019-09-23 14:43:51.307  INFO 21250 --- [main] .d.s.w.r.o.CachingOperationNameGenerator : Generating unique operation named: getAnnualleaveByIdUsingGET_1
2019-09-23 14:43:51.534  INFO 21250 --- [main] .d.s.w.r.o.CachingOperationNameGenerator : Generating unique operation named: getAllUsersUsingGET_1
2019-09-23 14:43:51.575  INFO 21250 --- [main] .d.s.w.r.o.CachingOperationNameGenerator : Generating unique operation named: getAnnualleaveByIdUsingGET_2
2019-09-23 14:43:52.551  INFO 21250 --- [main] .d.s.w.r.o.CachingOperationNameGenerator : Generating unique operation named: getAllUsersUsingGET_2
2019-09-23 14:43:54.076 ERROR 21250 --- [main] org.apache.catalina.util.LifecycleBase   : Failed to start component [Connector[HTTP/1.1-7003]]

org.apache.catalina.LifecycleException: Protocol handler start failed
	at org.apache.catalina.connector.Connector.startInternal(Connector.java:1008) ~[tomcat-embed-core-9.0.17.jar:9.0.17]
	at org.apache.catalina.util.LifecycleBase.start(LifecycleBase.java:183) ~[tomcat-embed-core-9.0.17.jar:9.0.17]
	at org.apache.catalina.core.StandardService.addConnector(StandardService.java:226) [tomcat-embed-core-9.0.17.jar:9.0.17]
	at org.springframework.boot.web.embedded.tomcat.TomcatWebServer.addPreviouslyRemovedConnectors(TomcatWebServer.java:259) [spring-boot-2.1.4.RELEASE.jar:2.1.4.RELEASE]
	at org.springframework.boot.web.embedded.tomcat.TomcatWebServer.start(TomcatWebServer.java:197) [spring-boot-2.1.4.RELEASE.jar:2.1.4.RELEASE]
	at org.springframework.boot.web.servlet.context.ServletWebServerApplicationContext.startWebServer(ServletWebServerApplicationContext.java:311) [spring-boot-2.1.4.RELEASE.jar:2.1.4.RELEASE]
	at org.springframework.boot.web.servlet.context.ServletWebServerApplicationContext.finishRefresh(ServletWebServerApplicationContext.java:164) [spring-boot-2.1.4.RELEASE.jar:2.1.4.RELEASE]
	at org.springframework.context.support.AbstractApplicationContext.refresh(AbstractApplicationContext.java:552) [spring-context-5.1.6.RELEASE.jar:5.1.6.RELEASE]
	at org.springframework.boot.web.servlet.context.ServletWebServerApplicationContext.refresh(ServletWebServerApplicationContext.java:142) [spring-boot-2.1.4.RELEASE.jar:2.1.4.RELEASE]
	at org.springframework.boot.SpringApplication.refresh(SpringApplication.java:775) [spring-boot-2.1.4.RELEASE.jar:2.1.4.RELEASE]
	at org.springframework.boot.SpringApplication.refreshContext(SpringApplication.java:397) [spring-boot-2.1.4.RELEASE.jar:2.1.4.RELEASE]
	at org.springframework.boot.SpringApplication.run(SpringApplication.java:316) [spring-boot-2.1.4.RELEASE.jar:2.1.4.RELEASE]
	at org.springframework.boot.SpringApplication.run(SpringApplication.java:1260) [spring-boot-2.1.4.RELEASE.jar:2.1.4.RELEASE]
	at org.springframework.boot.SpringApplication.run(SpringApplication.java:1248) [spring-boot-2.1.4.RELEASE.jar:2.1.4.RELEASE]
	at imaniprima.meitrack.api.MeitrackApplication.main(MeitrackApplication.java:16) [classes/:na]
	at sun.reflect.NativeMethodAccessorImpl.invoke0(Native Method) ~[na:1.8.0_222]
	at sun.reflect.NativeMethodAccessorImpl.invoke(NativeMethodAccessorImpl.java:62) ~[na:1.8.0_222]
	at sun.reflect.DelegatingMethodAccessorImpl.invoke(DelegatingMethodAccessorImpl.java:43) ~[na:1.8.0_222]
	at java.lang.reflect.Method.invoke(Method.java:498) ~[na:1.8.0_222]
	at org.springframework.boot.maven.AbstractRunMojo$LaunchRunner.run(AbstractRunMojo.java:558) [spring-boot-maven-plugin-2.1.4.RELEASE.jar:2.1.4.RELEASE]
	at java.lang.Thread.run(Thread.java:748) [na:1.8.0_222]
Caused by: java.net.BindException: Address already in use
	at sun.nio.ch.Net.bind0(Native Method) ~[na:1.8.0_222]
	at sun.nio.ch.Net.bind(Net.java:433) ~[na:1.8.0_222]
	at sun.nio.ch.Net.bind(Net.java:425) ~[na:1.8.0_222]
	at sun.nio.ch.ServerSocketChannelImpl.bind(ServerSocketChannelImpl.java:223) ~[na:1.8.0_222]
	at sun.nio.ch.ServerSocketAdaptor.bind(ServerSocketAdaptor.java:74) ~[na:1.8.0_222]
	at org.apache.tomcat.util.net.NioEndpoint.initServerSocket(NioEndpoint.java:236) ~[tomcat-embed-core-9.0.17.jar:9.0.17]
	at org.apache.tomcat.util.net.NioEndpoint.bind(NioEndpoint.java:210) ~[tomcat-embed-core-9.0.17.jar:9.0.17]
	at org.apache.tomcat.util.net.AbstractEndpoint.bindWithCleanup(AbstractEndpoint.java:1103) ~[tomcat-embed-core-9.0.17.jar:9.0.17]
	at org.apache.tomcat.util.net.AbstractEndpoint.start(AbstractEndpoint.java:1189) ~[tomcat-embed-core-9.0.17.jar:9.0.17]
	at org.apache.coyote.AbstractProtocol.start(AbstractProtocol.java:568) ~[tomcat-embed-core-9.0.17.jar:9.0.17]
	at org.apache.catalina.connector.Connector.startInternal(Connector.java:1005) ~[tomcat-embed-core-9.0.17.jar:9.0.17]
	... 20 common frames omitted

2019-09-23 14:43:54.124  INFO 21250 --- [main] o.apache.catalina.core.StandardService   : Stopping service [Tomcat]
2019-09-23 14:43:54.467  INFO 21250 --- [main] ConditionEvaluationReportLoggingListener : 

Error starting ApplicationContext. To display the conditions report re-run your application with 'debug' enabled.
2019-09-23 14:43:54.579 ERROR 21250 --- [main] o.s.b.d.LoggingFailureAnalysisReporter   : 

***************************
APPLICATION FAILED TO START
***************************

Description:

The Tomcat connector configured to listen on port 7003 failed to start. The port may already be in use or the connector may be misconfigured.

Action:

Verify the connector's configuration, identify and stop any process that's listening on port 7003, or configure this application to listen on another port.

2019-09-23 14:43:54.818  INFO 21250 --- [main] o.s.s.concurrent.ThreadPoolTaskExecutor  : Shutting down ExecutorService 'applicationTaskExecutor'
2019-09-23 14:43:54.830  INFO 21250 --- [main] j.LocalContainerEntityManagerFactoryBean : Closing JPA EntityManagerFactory for persistence unit 'default'
2019-09-23 14:45:48.488  INFO 21397 --- [main] i.meitrack.api.MeitrackApplication       : Starting MeitrackApplication on hendra with PID 21397 (/var/www/service-api/meitrack-api/target/classes started by hendra in /var/www/service-api/meitrack-api)
2019-09-23 14:45:48.496  INFO 21397 --- [main] i.meitrack.api.MeitrackApplication       : No active profile set, falling back to default profiles: default
2019-09-23 14:45:51.490  INFO 21397 --- [main] .s.d.r.c.RepositoryConfigurationDelegate : Bootstrapping Spring Data repositories in DEFAULT mode.
2019-09-23 14:45:51.733  INFO 21397 --- [main] .s.d.r.c.RepositoryConfigurationDelegate : Finished Spring Data repository scanning in 223ms. Found 13 repository interfaces.
2019-09-23 14:45:52.795  INFO 21397 --- [main] trationDelegate$BeanPostProcessorChecker : Bean 'org.springframework.transaction.annotation.ProxyTransactionManagementConfiguration' of type [org.springframework.transaction.annotation.ProxyTransactionManagementConfiguration$$EnhancerBySpringCGLIB$$8af21962] is not eligible for getting processed by all BeanPostProcessors (for example: not eligible for auto-proxying)
2019-09-23 14:45:52.885  INFO 21397 --- [main] trationDelegate$BeanPostProcessorChecker : Bean 'org.springframework.security.config.annotation.configuration.ObjectPostProcessorConfiguration' of type [org.springframework.security.config.annotation.configuration.ObjectPostProcessorConfiguration$$EnhancerBySpringCGLIB$$239fe19c] is not eligible for getting processed by all BeanPostProcessors (for example: not eligible for auto-proxying)
2019-09-23 14:45:52.899  INFO 21397 --- [main] trationDelegate$BeanPostProcessorChecker : Bean 'objectPostProcessor' of type [org.springframework.security.config.annotation.configuration.AutowireBeanFactoryObjectPostProcessor] is not eligible for getting processed by all BeanPostProcessors (for example: not eligible for auto-proxying)
2019-09-23 14:45:52.903  INFO 21397 --- [main] trationDelegate$BeanPostProcessorChecker : Bean 'org.springframework.security.access.expression.method.DefaultMethodSecurityExpressionHandler@757bc0d4' of type [org.springframework.security.access.expression.method.DefaultMethodSecurityExpressionHandler] is not eligible for getting processed by all BeanPostProcessors (for example: not eligible for auto-proxying)
2019-09-23 14:45:52.905  INFO 21397 --- [main] trationDelegate$BeanPostProcessorChecker : Bean 'org.springframework.security.config.annotation.method.configuration.GlobalMethodSecurityConfiguration' of type [org.springframework.security.config.annotation.method.configuration.GlobalMethodSecurityConfiguration$$EnhancerBySpringCGLIB$$4874844e] is not eligible for getting processed by all BeanPostProcessors (for example: not eligible for auto-proxying)
2019-09-23 14:45:52.933  INFO 21397 --- [main] trationDelegate$BeanPostProcessorChecker : Bean 'org.springframework.security.config.annotation.method.configuration.Jsr250MetadataSourceConfiguration' of type [org.springframework.security.config.annotation.method.configuration.Jsr250MetadataSourceConfiguration$$EnhancerBySpringCGLIB$$6dc99c64] is not eligible for getting processed by all BeanPostProcessors (for example: not eligible for auto-proxying)
2019-09-23 14:45:52.942  INFO 21397 --- [main] trationDelegate$BeanPostProcessorChecker : Bean 'jsr250MethodSecurityMetadataSource' of type [org.springframework.security.access.annotation.Jsr250MethodSecurityMetadataSource] is not eligible for getting processed by all BeanPostProcessors (for example: not eligible for auto-proxying)
2019-09-23 14:45:52.944  INFO 21397 --- [main] trationDelegate$BeanPostProcessorChecker : Bean 'methodSecurityMetadataSource' of type [org.springframework.security.access.method.DelegatingMethodSecurityMetadataSource] is not eligible for getting processed by all BeanPostProcessors (for example: not eligible for auto-proxying)
2019-09-23 14:45:53.983  INFO 21397 --- [main] o.s.b.w.embedded.tomcat.TomcatWebServer  : Tomcat initialized with port(s): 7003 (http)
2019-09-23 14:45:54.050  INFO 21397 --- [main] o.apache.catalina.core.StandardService   : Starting service [Tomcat]
2019-09-23 14:45:54.050  INFO 21397 --- [main] org.apache.catalina.core.StandardEngine  : Starting Servlet engine: [Apache Tomcat/9.0.17]
2019-09-23 14:45:54.252  INFO 21397 --- [main] o.a.c.c.C.[Tomcat].[localhost].[/]       : Initializing Spring embedded WebApplicationContext
2019-09-23 14:45:54.253  INFO 21397 --- [main] o.s.web.context.ContextLoader            : Root WebApplicationContext: initialization completed in 5602 ms
2019-09-23 14:45:55.302  INFO 21397 --- [main] o.hibernate.jpa.internal.util.LogHelper  : HHH000204: Processing PersistenceUnitInfo [
	name: default
	...]
2019-09-23 14:45:55.468  INFO 21397 --- [main] org.hibernate.Version                    : HHH000412: Hibernate Core {5.3.9.Final}
2019-09-23 14:45:55.472  INFO 21397 --- [main] org.hibernate.cfg.Environment            : HHH000206: hibernate.properties not found
2019-09-23 14:45:55.815  INFO 21397 --- [main] o.hibernate.annotations.common.Version   : HCANN000001: Hibernate Commons Annotations {5.0.4.Final}
2019-09-23 14:45:56.141  INFO 21397 --- [main] org.hibernate.dialect.Dialect            : HHH000400: Using dialect: org.hibernate.dialect.PostgreSQL9Dialect
2019-09-23 14:45:56.175  INFO 21397 --- [main] o.h.e.j.e.i.LobCreatorBuilderImpl        : HHH000422: Disabling contextual LOB creation as connection was null
2019-09-23 14:45:56.186  INFO 21397 --- [main] org.hibernate.type.BasicTypeRegistry     : HHH000270: Type registration [java.util.UUID] overrides previous : org.hibernate.type.UUIDBinaryType@2126cce9
2019-09-23 14:45:58.289  INFO 21397 --- [main] j.LocalContainerEntityManagerFactoryBean : Initialized JPA EntityManagerFactory for persistence unit 'default'
2019-09-23 14:46:00.117  WARN 21397 --- [main] ion$DefaultTemplateResolverConfiguration : Cannot find template location: classpath:/templates/ (please add some templates or check your Thymeleaf configuration)
2019-09-23 14:46:00.617  WARN 21397 --- [main] aWebConfiguration$JpaWebMvcConfiguration : spring.jpa.open-in-view is enabled by default. Therefore, database queries may be performed during view rendering. Explicitly configure spring.jpa.open-in-view to disable this warning
2019-09-23 14:46:01.279  INFO 21397 --- [main] o.s.s.web.DefaultSecurityFilterChain     : Creating filter chain: Ant [pattern='auth/signup', POST], []
2019-09-23 14:46:01.280  INFO 21397 --- [main] o.s.s.web.DefaultSecurityFilterChain     : Creating filter chain: Ant [pattern='swaggers*', POST], []
2019-09-23 14:46:01.281  INFO 21397 --- [main] o.s.s.web.DefaultSecurityFilterChain     : Creating filter chain: Ant [pattern='/', GET], []
2019-09-23 14:46:01.282  INFO 21397 --- [main] o.s.s.web.DefaultSecurityFilterChain     : Creating filter chain: Ant [pattern='/*.html', GET], []
2019-09-23 14:46:01.282  INFO 21397 --- [main] o.s.s.web.DefaultSecurityFilterChain     : Creating filter chain: Ant [pattern='/favicon.ico', GET], []
2019-09-23 14:46:01.283  INFO 21397 --- [main] o.s.s.web.DefaultSecurityFilterChain     : Creating filter chain: Ant [pattern='/**/*.html', GET], []
2019-09-23 14:46:01.283  INFO 21397 --- [main] o.s.s.web.DefaultSecurityFilterChain     : Creating filter chain: Ant [pattern='/**/*.css', GET], []
2019-09-23 14:46:01.283  INFO 21397 --- [main] o.s.s.web.DefaultSecurityFilterChain     : Creating filter chain: Ant [pattern='/**/*.js', GET], []
2019-09-23 14:46:01.284  INFO 21397 --- [main] o.s.s.web.DefaultSecurityFilterChain     : Creating filter chain: Ant [pattern='/h2-console/**/**'], []
2019-09-23 14:46:01.387  INFO 21397 --- [main] pertySourcedRequestMappingHandlerMapping : Mapped URL path [/v2/api-docs] onto method [public org.springframework.http.ResponseEntity<springfox.documentation.spring.web.json.Json> springfox.documentation.swagger2.web.Swagger2Controller.getDocumentation(java.lang.String,javax.servlet.http.HttpServletRequest)]
2019-09-23 14:46:01.555  INFO 21397 --- [main] o.s.s.web.DefaultSecurityFilterChain     : Creating filter chain: any request, [org.springframework.security.web.context.request.async.WebAsyncManagerIntegrationFilter@e022d62, org.springframework.security.web.context.SecurityContextPersistenceFilter@631c828e, org.springframework.security.web.header.HeaderWriterFilter@4a86ab87, org.springframework.web.filter.CorsFilter@347a81a9, org.springframework.security.web.authentication.logout.LogoutFilter@711d0e34, imaniprima.meitrack.api.security.JwtAuthenticationFilter@b38be3, org.springframework.security.web.savedrequest.RequestCacheAwareFilter@12a0773c, org.springframework.security.web.servletapi.SecurityContextHolderAwareRequestFilter@de7dc5d, org.springframework.security.web.authentication.AnonymousAuthenticationFilter@571c13e6, org.springframework.security.web.session.SessionManagementFilter@23f5051, org.springframework.security.web.access.ExceptionTranslationFilter@7e488e9b, org.springframework.security.web.access.intercept.FilterSecurityInterceptor@66520df9]
2019-09-23 14:46:01.989  INFO 21397 --- [main] o.s.s.concurrent.ThreadPoolTaskExecutor  : Initializing ExecutorService 'applicationTaskExecutor'
2019-09-23 14:46:02.453  INFO 21397 --- [main] d.s.w.p.DocumentationPluginsBootstrapper : Context refreshed
2019-09-23 14:46:02.496  INFO 21397 --- [main] d.s.w.p.DocumentationPluginsBootstrapper : Found 1 custom documentation plugin(s)
2019-09-23 14:46:02.584  INFO 21397 --- [main] s.d.s.w.s.ApiListingReferenceScanner     : Scanning for api listing references
2019-09-23 14:46:03.004  INFO 21397 --- [main] .d.s.w.r.o.CachingOperationNameGenerator : Generating unique operation named: getAnnualleaveByIdUsingGET_1
2019-09-23 14:46:03.034  INFO 21397 --- [main] .d.s.w.r.o.CachingOperationNameGenerator : Generating unique operation named: getAllUsersUsingGET_1
2019-09-23 14:46:03.071  INFO 21397 --- [main] .d.s.w.r.o.CachingOperationNameGenerator : Generating unique operation named: getAnnualleaveByIdUsingGET_2
2019-09-23 14:46:03.411  INFO 21397 --- [main] .d.s.w.r.o.CachingOperationNameGenerator : Generating unique operation named: getAllUsersUsingGET_2
2019-09-23 14:46:03.628  INFO 21397 --- [main] o.s.b.w.embedded.tomcat.TomcatWebServer  : Tomcat started on port(s): 7003 (http) with context path ''
2019-09-23 14:46:03.634  INFO 21397 --- [main] i.meitrack.api.MeitrackApplication       : Started MeitrackApplication in 16.165 seconds (JVM running for 43.206)
2019-09-23 14:46:03.640  WARN 21397 --- [main] i.meitrack.api.MeitrackApplication       : --Application Meitrack is Started--
2019-09-23 14:46:09.500  INFO 21397 --- [http-nio-7003-exec-1] o.a.c.c.C.[Tomcat].[localhost].[/]       : Initializing Spring DispatcherServlet 'dispatcherServlet'
2019-09-23 14:46:09.501  INFO 21397 --- [http-nio-7003-exec-1] o.s.web.servlet.DispatcherServlet        : Initializing Servlet 'dispatcherServlet'
2019-09-23 14:46:09.533  INFO 21397 --- [http-nio-7003-exec-1] o.s.web.servlet.DispatcherServlet        : Completed initialization in 32 ms
2019-09-23 14:46:09.707 ERROR 21397 --- [http-nio-7003-exec-1] i.m.a.s.JwtAuthenticationEntryPoint      : Responding with unauthorized error. Message - Full authentication is required to access this resource
2019-09-23 14:46:10.184 ERROR 21397 --- [http-nio-7003-exec-3] i.m.a.s.JwtAuthenticationEntryPoint      : Responding with unauthorized error. Message - Full authentication is required to access this resource
2019-09-23 14:46:25.397  INFO 21397 --- [http-nio-7003-exec-10] o.h.h.i.QueryTranslatorFactoryInitiator  : HHH000397: Using ASTQueryTranslatorFactory
2019-09-23 14:47:03.756  INFO 21534 --- [main] i.meitrack.api.DemoApplicationTests      : Starting DemoApplicationTests on hendra with PID 21534 (started by hendra in /var/www/service-api/meitrack-api)
2019-09-23 14:47:03.792  INFO 21534 --- [main] i.meitrack.api.DemoApplicationTests      : No active profile set, falling back to default profiles: default
2019-09-23 14:47:12.216  INFO 21534 --- [main] .s.d.r.c.RepositoryConfigurationDelegate : Bootstrapping Spring Data repositories in DEFAULT mode.
2019-09-23 14:47:13.614  INFO 21534 --- [main] .s.d.r.c.RepositoryConfigurationDelegate : Finished Spring Data repository scanning in 1265ms. Found 13 repository interfaces.
2019-09-23 14:47:17.907  INFO 21534 --- [main] trationDelegate$BeanPostProcessorChecker : Bean 'org.springframework.transaction.annotation.ProxyTransactionManagementConfiguration' of type [org.springframework.transaction.annotation.ProxyTransactionManagementConfiguration$$EnhancerBySpringCGLIB$$a6d72867] is not eligible for getting processed by all BeanPostProcessors (for example: not eligible for auto-proxying)
2019-09-23 14:47:18.423  INFO 21534 --- [main] trationDelegate$BeanPostProcessorChecker : Bean 'org.springframework.security.config.annotation.configuration.ObjectPostProcessorConfiguration' of type [org.springframework.security.config.annotation.configuration.ObjectPostProcessorConfiguration$$EnhancerBySpringCGLIB$$3f84f0a1] is not eligible for getting processed by all BeanPostProcessors (for example: not eligible for auto-proxying)
2019-09-23 14:47:18.475  INFO 21534 --- [main] trationDelegate$BeanPostProcessorChecker : Bean 'objectPostProcessor' of type [org.springframework.security.config.annotation.configuration.AutowireBeanFactoryObjectPostProcessor] is not eligible for getting processed by all BeanPostProcessors (for example: not eligible for auto-proxying)
2019-09-23 14:47:18.478  INFO 21534 --- [main] trationDelegate$BeanPostProcessorChecker : Bean 'org.springframework.security.access.expression.method.DefaultMethodSecurityExpressionHandler@60bbacfc' of type [org.springframework.security.access.expression.method.DefaultMethodSecurityExpressionHandler] is not eligible for getting processed by all BeanPostProcessors (for example: not eligible for auto-proxying)
2019-09-23 14:47:18.488  INFO 21534 --- [main] trationDelegate$BeanPostProcessorChecker : Bean 'org.springframework.security.config.annotation.method.configuration.GlobalMethodSecurityConfiguration' of type [org.springframework.security.config.annotation.method.configuration.GlobalMethodSecurityConfiguration$$EnhancerBySpringCGLIB$$64599353] is not eligible for getting processed by all BeanPostProcessors (for example: not eligible for auto-proxying)
2019-09-23 14:47:18.556  INFO 21534 --- [main] trationDelegate$BeanPostProcessorChecker : Bean 'org.springframework.security.config.annotation.method.configuration.Jsr250MetadataSourceConfiguration' of type [org.springframework.security.config.annotation.method.configuration.Jsr250MetadataSourceConfiguration$$EnhancerBySpringCGLIB$$89aeab69] is not eligible for getting processed by all BeanPostProcessors (for example: not eligible for auto-proxying)
2019-09-23 14:47:18.571  INFO 21534 --- [main] trationDelegate$BeanPostProcessorChecker : Bean 'jsr250MethodSecurityMetadataSource' of type [org.springframework.security.access.annotation.Jsr250MethodSecurityMetadataSource] is not eligible for getting processed by all BeanPostProcessors (for example: not eligible for auto-proxying)
2019-09-23 14:47:18.580  INFO 21534 --- [main] trationDelegate$BeanPostProcessorChecker : Bean 'methodSecurityMetadataSource' of type [org.springframework.security.access.method.DelegatingMethodSecurityMetadataSource] is not eligible for getting processed by all BeanPostProcessors (for example: not eligible for auto-proxying)
2019-09-23 14:47:22.771  INFO 21534 --- [main] o.hibernate.jpa.internal.util.LogHelper  : HHH000204: Processing PersistenceUnitInfo [
	name: default
	...]
2019-09-23 14:47:23.646  INFO 21534 --- [main] org.hibernate.Version                    : HHH000412: Hibernate Core {5.3.9.Final}
2019-09-23 14:47:23.674  INFO 21534 --- [main] org.hibernate.cfg.Environment            : HHH000206: hibernate.properties not found
2019-09-23 14:47:24.699  INFO 21534 --- [main] o.hibernate.annotations.common.Version   : HCANN000001: Hibernate Commons Annotations {5.0.4.Final}
2019-09-23 14:47:25.252  INFO 21534 --- [main] org.hibernate.dialect.Dialect            : HHH000400: Using dialect: org.hibernate.dialect.PostgreSQL9Dialect
2019-09-23 14:47:25.291  INFO 21534 --- [main] o.h.e.j.e.i.LobCreatorBuilderImpl        : HHH000422: Disabling contextual LOB creation as connection was null
2019-09-23 14:47:25.303  INFO 21534 --- [main] org.hibernate.type.BasicTypeRegistry     : HHH000270: Type registration [java.util.UUID] overrides previous : org.hibernate.type.UUIDBinaryType@3b24087d
2019-09-23 14:47:27.568  INFO 21534 --- [main] j.LocalContainerEntityManagerFactoryBean : Initialized JPA EntityManagerFactory for persistence unit 'default'
2019-09-23 14:47:32.104  WARN 21534 --- [main] ion$DefaultTemplateResolverConfiguration : Cannot find template location: classpath:/templates/ (please add some templates or check your Thymeleaf configuration)
2019-09-23 14:47:33.383  WARN 21534 --- [main] aWebConfiguration$JpaWebMvcConfiguration : spring.jpa.open-in-view is enabled by default. Therefore, database queries may be performed during view rendering. Explicitly configure spring.jpa.open-in-view to disable this warning
2019-09-23 14:47:34.472  INFO 21534 --- [main] o.s.s.web.DefaultSecurityFilterChain     : Creating filter chain: Ant [pattern='auth/signup', POST], []
2019-09-23 14:47:34.473  INFO 21534 --- [main] o.s.s.web.DefaultSecurityFilterChain     : Creating filter chain: Ant [pattern='swaggers*', POST], []
2019-09-23 14:47:34.474  INFO 21534 --- [main] o.s.s.web.DefaultSecurityFilterChain     : Creating filter chain: Ant [pattern='/', GET], []
2019-09-23 14:47:34.475  INFO 21534 --- [main] o.s.s.web.DefaultSecurityFilterChain     : Creating filter chain: Ant [pattern='/*.html', GET], []
2019-09-23 14:47:34.476  INFO 21534 --- [main] o.s.s.web.DefaultSecurityFilterChain     : Creating filter chain: Ant [pattern='/favicon.ico', GET], []
2019-09-23 14:47:34.477  INFO 21534 --- [main] o.s.s.web.DefaultSecurityFilterChain     : Creating filter chain: Ant [pattern='/**/*.html', GET], []
2019-09-23 14:47:34.479  INFO 21534 --- [main] o.s.s.web.DefaultSecurityFilterChain     : Creating filter chain: Ant [pattern='/**/*.css', GET], []
2019-09-23 14:47:34.480  INFO 21534 --- [main] o.s.s.web.DefaultSecurityFilterChain     : Creating filter chain: Ant [pattern='/**/*.js', GET], []
2019-09-23 14:47:34.481  INFO 21534 --- [main] o.s.s.web.DefaultSecurityFilterChain     : Creating filter chain: Ant [pattern='/h2-console/**/**'], []
2019-09-23 14:47:34.860  INFO 21534 --- [main] pertySourcedRequestMappingHandlerMapping : Mapped URL path [/v2/api-docs] onto method [public org.springframework.http.ResponseEntity<springfox.documentation.spring.web.json.Json> springfox.documentation.swagger2.web.Swagger2Controller.getDocumentation(java.lang.String,javax.servlet.http.HttpServletRequest)]
2019-09-23 14:47:36.018  INFO 21534 --- [main] o.s.s.web.DefaultSecurityFilterChain     : Creating filter chain: any request, [org.springframework.security.web.context.request.async.WebAsyncManagerIntegrationFilter@dd07be8, org.springframework.security.web.context.SecurityContextPersistenceFilter@53ddabc6, org.springframework.security.web.header.HeaderWriterFilter@4203529f, org.springframework.web.filter.CorsFilter@7b8fcdf2, org.springframework.security.web.authentication.logout.LogoutFilter@57867d96, imaniprima.meitrack.api.security.JwtAuthenticationFilter@6e67a8c0, org.springframework.security.web.savedrequest.RequestCacheAwareFilter@361f1647, org.springframework.security.web.servletapi.SecurityContextHolderAwareRequestFilter@146db8a6, org.springframework.security.web.authentication.AnonymousAuthenticationFilter@54d2f5d3, org.springframework.security.web.session.SessionManagementFilter@36eb8e07, org.springframework.security.web.access.ExceptionTranslationFilter@3387ab0, org.springframework.security.web.access.intercept.FilterSecurityInterceptor@4af606e9]
2019-09-23 14:47:37.453  INFO 21534 --- [main] o.s.s.concurrent.ThreadPoolTaskExecutor  : Initializing ExecutorService 'applicationTaskExecutor'
2019-09-23 14:47:39.254  INFO 21534 --- [main] d.s.w.p.DocumentationPluginsBootstrapper : Context refreshed
2019-09-23 14:47:39.989  INFO 21534 --- [main] d.s.w.p.DocumentationPluginsBootstrapper : Found 1 custom documentation plugin(s)
2019-09-23 14:47:40.168  INFO 21534 --- [main] s.d.s.w.s.ApiListingReferenceScanner     : Scanning for api listing references
2019-09-23 14:47:42.189  INFO 21534 --- [main] .d.s.w.r.o.CachingOperationNameGenerator : Generating unique operation named: getAnnualleaveByIdUsingGET_1
2019-09-23 14:47:42.215  INFO 21534 --- [main] .d.s.w.r.o.CachingOperationNameGenerator : Generating unique operation named: getAllUsersUsingGET_1
2019-09-23 14:47:42.247  INFO 21534 --- [main] .d.s.w.r.o.CachingOperationNameGenerator : Generating unique operation named: getAnnualleaveByIdUsingGET_2
2019-09-23 14:47:42.561  INFO 21534 --- [main] .d.s.w.r.o.CachingOperationNameGenerator : Generating unique operation named: getAllUsersUsingGET_2
2019-09-23 14:47:42.718  INFO 21534 --- [main] i.meitrack.api.DemoApplicationTests      : Started DemoApplicationTests in 39.894 seconds (JVM running for 43.346)
2019-09-23 14:47:46.152  INFO 21534 --- [Thread-3] o.s.s.concurrent.ThreadPoolTaskExecutor  : Shutting down ExecutorService 'applicationTaskExecutor'
2019-09-23 14:47:46.172  INFO 21534 --- [Thread-3] j.LocalContainerEntityManagerFactoryBean : Closing JPA EntityManagerFactory for persistence unit 'default'
2019-09-23 18:26:49.604  INFO 21397 --- [Thread-5] o.s.s.concurrent.ThreadPoolTaskExecutor  : Shutting down ExecutorService 'applicationTaskExecutor'
2019-09-23 18:26:53.224  INFO 21397 --- [Thread-5] j.LocalContainerEntityManagerFactoryBean : Closing JPA EntityManagerFactory for persistence unit 'default'
